[    0.000000] Initializing cgroup subsys cpuset
[    0.000000] Initializing cgroup subsys cpu
[    0.000000] Initializing cgroup subsys cpuacct
[    0.000000] Linux version 4.4.0-59-generic (buildd@lgw01-11) (gcc version 5.4.0 20160609 (Ubuntu 5.4.0-6ubuntu1~16.04.4) ) #80-Ubuntu SMP Fri Jan 6 17:47:47 UTC 2017 (Ubuntu 4.4.0-59.80-generic 4.4.35)
[    0.000000] Command line: BOOT_IMAGE=/boot/vmlinuz-4.4.0-59-generic root=LABEL=cloudimg-rootfs ro console=tty1 console=ttyS0
[    0.000000] KERNEL supported cpus:
[    0.000000]   Intel GenuineIntel
[    0.000000]   AMD AuthenticAMD
[    0.000000]   Centaur CentaurHauls
[    0.000000] x86/fpu: xstate_offset[2]:  576, xstate_sizes[2]:  256
[    0.000000] x86/fpu: Supporting XSAVE feature 0x01: 'x87 floating point registers'
[    0.000000] x86/fpu: Supporting XSAVE feature 0x02: 'SSE registers'
[    0.000000] x86/fpu: Supporting XSAVE feature 0x04: 'AVX registers'
[    0.000000] x86/fpu: Enabled xstate features 0x7, context size is 832 bytes, using 'standard' format.
[    0.000000] x86/fpu: Using 'lazy' FPU context switches.
[    0.000000] e820: BIOS-provided physical RAM map:
[    0.000000] BIOS-e820: [mem 0x0000000000000000-0x000000000009fbff] usable
[    0.000000] BIOS-e820: [mem 0x000000000009fc00-0x000000000009ffff] reserved
[    0.000000] BIOS-e820: [mem 0x00000000000f0000-0x00000000000fffff] reserved
[    0.000000] BIOS-e820: [mem 0x0000000000100000-0x000000003ffeffff] usable
[    0.000000] BIOS-e820: [mem 0x000000003fff0000-0x000000003fffffff] ACPI data
[    0.000000] BIOS-e820: [mem 0x00000000fec00000-0x00000000fec00fff] reserved
[    0.000000] BIOS-e820: [mem 0x00000000fee00000-0x00000000fee00fff] reserved
[    0.000000] BIOS-e820: [mem 0x00000000fffc0000-0x00000000ffffffff] reserved
[    0.000000] NX (Execute Disable) protection: active
[    0.000000] SMBIOS 2.5 present.
[    0.000000] Hypervisor detected: KVM
[    0.000000] e820: last_pfn = 0x3fff0 max_arch_pfn = 0x400000000
[    0.000000] MTRR: Disabled
[    0.000000] x86/PAT: MTRRs disabled, skipping PAT initialization too.
[    0.000000] x86/PAT: Configuration [0-7]: WB  WT  UC- UC  WB  WT  UC- UC  
[    0.000000] CPU MTRRs all blank - virtualized system.
[    0.000000] found SMP MP-table at [mem 0x0009fff0-0x0009ffff] mapped at [ffff88000009fff0]
[    0.000000] Scanning 1 areas for low memory corruption
[    0.000000] RAMDISK: [mem 0x36b84000-0x375b9fff]
[    0.000000] ACPI: Early table checksum verification disabled
[    0.000000] ACPI: RSDP 0x00000000000E0000 000024 (v02 VBOX  )
[    0.000000] ACPI: XSDT 0x000000003FFF0030 00003C (v01 VBOX   VBOXXSDT 00000001 ASL  00000061)
[    0.000000] ACPI: FACP 0x000000003FFF00F0 0000F4 (v04 VBOX   VBOXFACP 00000001 ASL  00000061)
[    0.000000] ACPI: DSDT 0x000000003FFF0470 00210F (v01 VBOX   VBOXBIOS 00000002 INTL 20100528)
[    0.000000] ACPI: FACS 0x000000003FFF0200 000040
[    0.000000] ACPI: FACS 0x000000003FFF0200 000040
[    0.000000] ACPI: APIC 0x000000003FFF0240 00005C (v02 VBOX   VBOXAPIC 00000001 ASL  00000061)
[    0.000000] ACPI: SSDT 0x000000003FFF02A0 0001CC (v01 VBOX   VBOXCPUT 00000002 INTL 20100528)
[    0.000000] No NUMA configuration found
[    0.000000] Faking a node at [mem 0x0000000000000000-0x000000003ffeffff]
[    0.000000] NODE_DATA(0) allocated [mem 0x3ffeb000-0x3ffeffff]
[    0.000000] kvm-clock: Using msrs 4b564d01 and 4b564d00
[    0.000000] kvm-clock: cpu 0, msr 0:3ffe3001, primary cpu clock
[    0.000000] kvm-clock: using sched offset of 2920367259 cycles
[    0.000000] clocksource: kvm-clock: mask: 0xffffffffffffffff max_cycles: 0x1cd42e4dffb, max_idle_ns: 881590591483 ns
[    0.000000] Zone ranges:
[    0.000000]   DMA      [mem 0x0000000000001000-0x0000000000ffffff]
[    0.000000]   DMA32    [mem 0x0000000001000000-0x000000003ffeffff]
[    0.000000]   Normal   empty
[    0.000000]   Device   empty
[    0.000000] Movable zone start for each node
[    0.000000] Early memory node ranges
[    0.000000]   node   0: [mem 0x0000000000001000-0x000000000009efff]
[    0.000000]   node   0: [mem 0x0000000000100000-0x000000003ffeffff]
[    0.000000] Initmem setup node 0 [mem 0x0000000000001000-0x000000003ffeffff]
[    0.000000] ACPI: PM-Timer IO Port: 0x4008
[    0.000000] IOAPIC[0]: apic_id 2, version 32, address 0xfec00000, GSI 0-23
[    0.000000] ACPI: INT_SRC_OVR (bus 0 bus_irq 0 global_irq 2 dfl dfl)
[    0.000000] ACPI: INT_SRC_OVR (bus 0 bus_irq 9 global_irq 9 high level)
[    0.000000] Using ACPI (MADT) for SMP configuration information
[    0.000000] smpboot: Allowing 2 CPUs, 0 hotplug CPUs
[    0.000000] PM: Registered nosave memory: [mem 0x00000000-0x00000fff]
[    0.000000] PM: Registered nosave memory: [mem 0x0009f000-0x0009ffff]
[    0.000000] PM: Registered nosave memory: [mem 0x000a0000-0x000effff]
[    0.000000] PM: Registered nosave memory: [mem 0x000f0000-0x000fffff]
[    0.000000] e820: [mem 0x40000000-0xfebfffff] available for PCI devices
[    0.000000] Booting paravirtualized kernel on KVM
[    0.000000] clocksource: refined-jiffies: mask: 0xffffffff max_cycles: 0xffffffff, max_idle_ns: 7645519600211568 ns
[    0.000000] setup_percpu: NR_CPUS:512 nr_cpumask_bits:512 nr_cpu_ids:2 nr_node_ids:1
[    0.000000] PERCPU: Embedded 33 pages/cpu @ffff88003fc00000 s98264 r8192 d28712 u1048576
[    0.000000] PV qspinlock hash table entries: 256 (order: 0, 4096 bytes)
[    0.000000] Built 1 zonelists in Node order, mobility grouping on.  Total pages: 257913
[    0.000000] Policy zone: DMA32
[    0.000000] Kernel command line: BOOT_IMAGE=/boot/vmlinuz-4.4.0-59-generic root=LABEL=cloudimg-rootfs ro console=tty1 console=ttyS0
[    0.000000] PID hash table entries: 4096 (order: 3, 32768 bytes)
[    0.000000] Memory: 1002124K/1048120K available (8436K kernel code, 1291K rwdata, 3960K rodata, 1488K init, 1316K bss, 45996K reserved, 0K cma-reserved)
[    0.000000] SLUB: HWalign=64, Order=0-3, MinObjects=0, CPUs=2, Nodes=1
[    0.000000] Hierarchical RCU implementation.
[    0.000000] 	Build-time adjustment of leaf fanout to 64.
[    0.000000] 	RCU restricting CPUs from NR_CPUS=512 to nr_cpu_ids=2.
[    0.000000] RCU: Adjusting geometry for rcu_fanout_leaf=64, nr_cpu_ids=2
[    0.000000] NR_IRQS:33024 nr_irqs:440 16
[    0.000000] Console: colour VGA+ 80x25
[    0.000000] console [tty1] enabled
[    0.000000] console [ttyS0] enabled
[    0.000000] tsc: Detected 3591.696 MHz processor
[    3.507557] Calibrating delay loop (skipped) preset value.. 7183.39 BogoMIPS (lpj=14366784)
[    3.680272] pid_max: default: 32768 minimum: 301
[    3.759701] ACPI: Core revision 20150930
[    3.829091] ACPI: 2 ACPI AML tables successfully acquired and loaded
[    3.895209] Security Framework initialized
[    3.895802] Yama: becoming mindful.
[    3.934235] AppArmor: AppArmor initialized
[    3.934850] Dentry cache hash table entries: 131072 (order: 8, 1048576 bytes)
[    3.935789] Inode-cache hash table entries: 65536 (order: 7, 524288 bytes)
[    3.937358] Mount-cache hash table entries: 2048 (order: 2, 16384 bytes)
[    4.072347] Mountpoint-cache hash table entries: 2048 (order: 2, 16384 bytes)
[    4.209567] Initializing cgroup subsys io
[    4.302455] Initializing cgroup subsys memory
[    4.324519] Initializing cgroup subsys devices
[    4.414086] Initializing cgroup subsys freezer
[    4.496640] Initializing cgroup subsys net_cls
[    4.536940] Initializing cgroup subsys perf_event
[    4.537551] Initializing cgroup subsys net_prio
[    4.538181] Initializing cgroup subsys hugetlb
[    4.572714] Initializing cgroup subsys pids
[    4.635759] CPU: Physical Processor ID: 0
[    4.693861] CPU: Processor Core ID: 0
[    4.695126] mce: CPU supports 0 MCE banks
[    4.778841] Last level iTLB entries: 4KB 1024, 2MB 1024, 4MB 1024
[    4.793114] Last level dTLB entries: 4KB 1024, 2MB 1024, 4MB 1024, 1GB 4
[    4.795314] Freeing SMP alternatives memory: 32K (ffffffff820b8000 - ffffffff820c0000)
[    4.802823] ftrace: allocating 32064 entries in 126 pages
[    4.954229] smpboot: APIC(0) Converting physical 0 to logical package 0
[    5.097442] smpboot: Max logical packages: 1
[    5.176867] x2apic enabled
[    5.249130] Switched APIC routing to physical x2apic.
[    5.342014] ..TIMER: vector=0x30 apic1=0 pin1=2 apic2=-1 pin2=-1
[    5.612286] smpboot: CPU0: Intel(R) Core(TM) i7-4790 CPU @ 3.60GHz (family: 0x6, model: 0x3c, stepping: 0x3)
[    5.773104] Performance Events: unsupported p6 CPU model 60 no PMU driver, software events only.
[    5.787723] KVM setup paravirtual spinlock
[    5.852645] x86: Booting SMP configuration:
[    5.936722] .... node  #0, CPUs:      #1
[    6.029614] kvm-clock: cpu 1, msr 0:3ffe3041, secondary cpu clock
[    6.089084] mce: CPU supports 0 MCE banks
[    6.091541] x86: Booted up 1 node, 2 CPUs
[    6.092259] smpboot: Total of 2 processors activated (14366.78 BogoMIPS)
[    6.209212] devtmpfs: initialized
[    6.261446] evm: security.selinux
[    6.323931] evm: security.SMACK64
[    6.361415] evm: security.SMACK64EXEC
[    6.431434] evm: security.SMACK64TRANSMUTE
[    6.532175] evm: security.SMACK64MMAP
[    6.596295] evm: security.ima
[    6.666081] evm: security.capability
[    6.741668] clocksource: jiffies: mask: 0xffffffff max_cycles: 0xffffffff, max_idle_ns: 7645041785100000 ns
[    6.860403] pinctrl core: initialized pinctrl subsystem
[    6.978929] RTC time: 13:31:18, date: 01/18/17
[    7.072167] NET: Registered protocol family 16
[    7.164543] cpuidle: using governor ladder
[    7.225089] cpuidle: using governor menu
[    7.304869] PCCT header not found.
[    7.365499] ACPI: bus type PCI registered
[    7.433630] acpiphp: ACPI Hot Plug PCI Controller Driver version: 0.5
[    7.547722] PCI: Using configuration type 1 for base access
[    7.673005] ACPI: Added _OSI(Module Device)
[    7.744429] ACPI: Added _OSI(Processor Device)
[    7.773905] ACPI: Added _OSI(3.0 _SCP Extensions)
[    7.850825] ACPI: Added _OSI(Processor Aggregator Device)
[    7.868224] ACPI: Executed 1 blocks of module-level executable AML code
[    8.022789] ACPI: Interpreter enabled
[    8.111003] ACPI: (supports S0 S5)
[    8.192532] ACPI: Using IOAPIC for interrupt routing
[    8.308275] PCI: Using host bridge windows from ACPI; if necessary, use "pci=nocrs" and report a bug
[    8.488061] ACPI: PCI Root Bridge [PCI0] (domain 0000 [bus 00-ff])
[    8.578555] acpi PNP0A03:00: _OSC: OS supports [ASPM ClockPM Segments MSI]
[    8.579369] acpi PNP0A03:00: _OSC failed (AE_NOT_FOUND); disabling ASPM
[    8.644532] acpi PNP0A03:00: fail to add MMCONFIG information, can't access extended PCI configuration space under this bridge.
[    8.646260] PCI host bridge to bus 0000:00
[    8.646967] pci_bus 0000:00: root bus resource [io  0x0000-0x0cf7 window]
[    8.736470] pci_bus 0000:00: root bus resource [io  0x0d00-0xffff window]
[    8.796399] pci_bus 0000:00: root bus resource [mem 0x000a0000-0x000bffff window]
[    8.873948] pci_bus 0000:00: root bus resource [mem 0x40000000-0xffdfffff window]
[    8.993253] pci_bus 0000:00: root bus resource [bus 00-ff]
[    9.039134] pci 0000:00:01.1: legacy IDE quirk: reg 0x10: [io  0x01f0-0x01f7]
[    9.230538] pci 0000:00:01.1: legacy IDE quirk: reg 0x14: [io  0x03f6]
[    9.376152] pci 0000:00:01.1: legacy IDE quirk: reg 0x18: [io  0x0170-0x0177]
[    9.546274] pci 0000:00:01.1: legacy IDE quirk: reg 0x1c: [io  0x0376]
[    9.694801] pci 0000:00:07.0: quirk: [io  0x4000-0x403f] claimed by PIIX4 ACPI
[    9.816735] pci 0000:00:07.0: quirk: [io  0x4100-0x410f] claimed by PIIX4 SMB
[    9.910887] ACPI: PCI Interrupt Link [LNKA] (IRQs 5 9 10 *11)
[   10.019686] ACPI: PCI Interrupt Link [LNKB] (IRQs 5 9 10 *11)
[   10.080168] ACPI: PCI Interrupt Link [LNKC] (IRQs 5 9 *10 11)
[   10.166666] ACPI: PCI Interrupt Link [LNKD] (IRQs 5 *9 10 11)
[   10.206456] ACPI: Enabled 2 GPEs in block 00 to 07
[   10.207441] vgaarb: setting as boot device: PCI:0000:00:02.0
[   10.260414] vgaarb: device added: PCI:0000:00:02.0,decodes=io+mem,owns=io+mem,locks=none
[   10.261484] vgaarb: loaded
[   10.264810] vgaarb: bridge control possible 0000:00:02.0
[   10.265670] SCSI subsystem initialized
[   10.266276] ACPI: bus type USB registered
[   10.277924] usbcore: registered new interface driver usbfs
[   10.278606] usbcore: registered new interface driver hub
[   10.279276] usbcore: registered new device driver usb
[   10.280378] PCI: Using ACPI for IRQ routing
[   10.288682] NetLabel: Initializing
[   10.289192] NetLabel:  domain hash size = 128
[   10.289790] NetLabel:  protocols = UNLABELED CIPSOv4
[   10.337804] NetLabel:  unlabeled traffic allowed by default
[   10.350289] amd_nb: Cannot enumerate AMD northbridges
[   10.360460] clocksource: Switched to clocksource kvm-clock
[   10.399876] AppArmor: AppArmor Filesystem Enabled
[   10.512222] pnp: PnP ACPI init
[   10.593987] pnp: PnP ACPI: found 3 devices
[   10.715181] clocksource: acpi_pm: mask: 0xffffff max_cycles: 0xffffff, max_idle_ns: 2085701024 ns
[   10.937515] NET: Registered protocol family 2
[   10.944123] TCP established hash table entries: 8192 (order: 4, 65536 bytes)
[   11.136147] TCP bind hash table entries: 8192 (order: 5, 131072 bytes)
[   11.323534] TCP: Hash tables configured (established 8192 bind 8192)
[   11.476651] UDP hash table entries: 512 (order: 2, 16384 bytes)
[   11.489485] UDP-Lite hash table entries: 512 (order: 2, 16384 bytes)
[   11.490284] NET: Registered protocol family 1
[   11.490875] pci 0000:00:00.0: Limiting direct PCI/PCI transfers
[   11.491845] pci 0000:00:01.0: Activating ISA DMA hang workarounds
[   11.525971] Trying to unpack rootfs image as initramfs...
[   12.993939] Freeing initrd memory: 10456K (ffff880036b84000 - ffff8800375ba000)
[   13.013973] RAPL PMU detected, API unit is 2^-32 Joules, 4 fixed counters 10737418240 ms ovfl timer
[   13.015112] hw unit of domain pp0-core 2^-0 Joules
[   13.107831] hw unit of domain package 2^-0 Joules
[   13.218852] hw unit of domain dram 2^-0 Joules
[   13.259206] hw unit of domain pp1-gpu 2^-0 Joules
[   13.259900] platform rtc_cmos: registered platform RTC device (no PNP device found)
[   13.260995] Scanning for low memory corruption every 60 seconds
[   13.426470] futex hash table entries: 512 (order: 3, 32768 bytes)
[   13.545042] audit: initializing netlink subsys (disabled)
[   13.654649] audit: type=2000 audit(1484746280.404:1): initialized
[   13.680994] Initialise system trusted keyring
[   13.787531] HugeTLB registered 2 MB page size, pre-allocated 0 pages
[   13.857369] zbud: loaded
[   13.873101] VFS: Disk quotas dquot_6.6.0
[   13.873767] VFS: Dquot-cache hash table entries: 512 (order 0, 4096 bytes)
[   13.874873] squashfs: version 4.0 (2009/01/31) Phillip Lougher
[   13.877370] fuse init (API version 7.23)
[   13.878075] Key type big_key registered
[   13.878714] Allocating IMA MOK and blacklist keyrings.
[   13.881754] Key type asymmetric registered
[   13.883512] Asymmetric key parser 'x509' registered
[   13.884178] Block layer SCSI generic (bsg) driver version 0.4 loaded (major 249)
[   13.886869] io scheduler noop registered
[   13.888924] io scheduler deadline registered (default)
[   13.889670] io scheduler cfq registered
[   13.890274] pci_hotplug: PCI Hot Plug PCI Core version: 0.5
[   13.891072] pciehp: PCI Express Hot Plug Controller Driver version: 0.4
[   13.893369] ACPI: AC Adapter [AC] (on-line)
[   13.894008] input: Power Button as /devices/LNXSYSTM:00/LNXPWRBN:00/input/input0
[   13.895019] ACPI: Power Button [PWRF]
[   13.895572] input: Sleep Button as /devices/LNXSYSTM:00/LNXSLPBN:00/input/input1
[   13.896578] ACPI: Sleep Button [SLPF]
[   13.897255] GHES: HEST is not enabled!
[   13.897944] Serial: 8250/16550 driver, 32 ports, IRQ sharing enabled
[   13.936223] 00:02: ttyS0 at I/O 0x3f8 (irq = 4, base_baud = 115200) is a 16550A
[   13.964295] Linux agpgart interface v0.103
[   14.014605] brd: module loaded
[   14.015790] loop: module loaded
[   14.016658] scsi host0: ata_piix
[   14.017195] scsi host1: ata_piix
[   14.017689] ata1: PATA max UDMA/33 cmd 0x1f0 ctl 0x3f6 bmdma 0xd000 irq 14
[   14.018508] ata2: PATA max UDMA/33 cmd 0x170 ctl 0x376 bmdma 0xd008 irq 15
[   14.019533] libphy: Fixed MDIO Bus: probed
[   14.026431] tun: Universal TUN/TAP device driver, 1.6
[   14.027082] tun: (C) 1999-2004 Max Krasnyansky <maxk@qualcomm.com>
[   14.027845] PPP generic driver version 2.4.2
[   14.028450] ehci_hcd: USB 2.0 'Enhanced' Host Controller (EHCI) Driver
[   14.029272] ehci-pci: EHCI PCI platform driver
[   14.029906] ehci-platform: EHCI generic platform driver
[   14.030587] ohci_hcd: USB 1.1 'Open' Host Controller (OHCI) Driver
[   14.031347] ohci-pci: OHCI PCI platform driver
[   14.043909] ohci-platform: OHCI generic platform driver
[   14.044615] uhci_hcd: USB Universal Host Controller Interface driver
[   14.045453] i8042: PNP: PS/2 Controller [PNP0303:PS2K,PNP0f03:PS2M] at 0x60,0x64 irq 1,12
[   14.046915] serio: i8042 KBD port at 0x60,0x64 irq 1
[   14.047548] serio: i8042 AUX port at 0x60,0x64 irq 12
[   14.063253] mousedev: PS/2 mouse device common for all mice
[   14.066326] input: AT Translated Set 2 keyboard as /devices/platform/i8042/serio0/input/input2
[   14.116305] rtc_cmos rtc_cmos: rtc core: registered rtc_cmos as rtc0
[   14.117181] rtc_cmos rtc_cmos: alarms up to one day, 114 bytes nvram
[   14.117950] i2c /dev entries driver
[   14.134770] device-mapper: uevent: version 1.0.3
[   14.196215] device-mapper: ioctl: 4.34.0-ioctl (2015-10-28) initialised: dm-devel@redhat.com
[   14.404923] tsc: Refined TSC clocksource calibration: 3589.965 MHz
[   14.416787] ledtrig-cpu: registered to indicate activity on CPUs
[   14.573810] clocksource: tsc: mask: 0xffffffffffffffff max_cycles: 0x33bf4b45ec2, max_idle_ns: 440795230769 ns
[   14.576698] NET: Registered protocol family 10
[   14.576793] NET: Registered protocol family 17
[   14.576800] Key type dns_resolver registered
[   14.657056] microcode: CPU0 sig=0x306c3, pf=0x40, revision=0x0
[   14.657073] microcode: CPU1 sig=0x306c3, pf=0x40, revision=0x0
[   14.657135] microcode: Microcode Update Driver: v2.01 <tigran@aivazian.fsnet.co.uk>, Peter Oruba
[   14.657215] registered taskstats version 1
[   14.657227] Loading compiled-in X.509 certificates
[   14.657721] Loaded X.509 cert 'Build time autogenerated kernel key: 6ffa6bfaa152a74cd2b6aa1e188cb999d8f5632b'
[   14.657735] zswap: loaded using pool lzo/zbud
[   14.729472] Key type trusted registered
[   14.731143] Key type encrypted registered
[   14.731147] AppArmor: AppArmor sha1 policy hashing enabled
[   14.731149] ima: No TPM chip found, activating TPM-bypass!
[   14.731162] evm: HMAC attrs: 0x1
[   14.731370]   Magic number: 1:178:534
[   14.731379] bdi 1:12: hash matches
[   14.731384] tty ttyS14: hash matches
[   14.831968] rtc_cmos rtc_cmos: setting system clock to 2017-01-18 13:31:26 UTC (1484746286)
[   14.832049] BIOS EDD facility v0.16 2004-Jun-25, 0 devices found
[   14.832050] EDD information not available.
[   15.659802] Freeing unused kernel memory: 1488K (ffffffff81f44000 - ffffffff820b8000)
[   15.779879] Write protecting the kernel read-only data: 14336k
[   15.780949] Freeing unused kernel memory: 1792K (ffff880001840000 - ffff880001a00000)
[   15.783637] Freeing unused kernel memory: 136K (ffff880001dde000 - ffff880001e00000)
Loading, please [   15.792345] random: systemd-udevd: uninitialized urandom read (16 bytes read, 3 bits of entropy available)
wait...
startin[   15.792733] random: udevadm: uninitialized urandom read (16 bytes read, 3 bits of entropy available)
g version 229
[   15.792757] random: udevadm: uninitialized urandom read (16 bytes read, 3 bits of entropy available)
[   15.792876] random: udevadm: uninitialized urandom read (16 bytes read, 3 bits of entropy available)
[   15.792912] random: udevadm: uninitialized urandom read (16 bytes read, 3 bits of entropy available)
[   15.792939] random: udevadm: uninitialized urandom read (16 bytes read, 3 bits of entropy available)
[   15.792963] random: udevadm: uninitialized urandom read (16 bytes read, 3 bits of entropy available)
[   15.792987] random: udevadm: uninitialized urandom read (16 bytes read, 3 bits of entropy available)
[   15.793011] random: udevadm: uninitialized urandom read (16 bytes read, 3 bits of entropy available)
[   15.793034] random: udevadm: uninitialized urandom read (16 bytes read, 3 bits of entropy available)
[   16.134946] e1000: Intel(R) PRO/1000 Network Driver - version 7.3.21-k8-NAPI
[   16.160924] e1000: Copyright (c) 1999-2006 Intel Corporation.
[   16.167741] Fusion MPT base driver 3.04.20
[   16.213523] Copyright (c) 1999-2008 LSI Corporation
[   16.250828] AVX version of gcm_enc/dec engaged.
[   16.286601] AES CTR mode by8 optimization enabled
[   16.287820] Fusion MPT SPI Host driver 3.04.20
[   16.365643] input: ImExPS/2 Generic Explorer Mouse as /devices/platform/i8042/serio1/input/input4
[   16.601056] e1000 0000:00:03.0 eth0: (PCI:33MHz:32-bit) 02:06:6d:81:c6:8d
[   16.635196] e1000 0000:00:03.0 eth0: Intel(R) PRO/1000 Network Connection
[   16.967857] e1000 0000:00:08.0 eth1: (PCI:33MHz:32-bit) 08:00:27:42:f8:e8
[   16.978474] e1000 0000:00:08.0 eth1: Intel(R) PRO/1000 Network Connection
[   16.980349] e1000 0000:00:03.0 enp0s3: renamed from eth0
[   17.061202] mptbase: ioc0: Initiating bringup
[   17.173024] e1000 0000:00:08.0 enp0s8: renamed from eth1
[   17.229017] ioc0: LSI53C1030 A0: Capabilities={Initiator}
[   17.497595] scsi host2: ioc0: LSI53C1030 A0, FwRev=00000000h, Ports=1, MaxQ=256, IRQ=20
[   17.696752] scsi 2:0:0:0: Direct-Access     VBOX     HARDDISK         1.0  PQ: 0 ANSI: 5
[   17.721075] scsi target2:0:0: Beginning Domain Validation
[   17.725102] scsi target2:0:0: Domain Validation skipping write tests
[   17.737204] scsi target2:0:0: Ending Domain Validation
[   17.768225] scsi target2:0:0: asynchronous
[   17.795249] scsi 2:0:1:0: Direct-Access     VBOX     HARDDISK         1.0  PQ: 0 ANSI: 5
[   17.806885] scsi target2:0:1: Beginning Domain Validation
[   17.810493] scsi target2:0:1: Domain Validation skipping write tests
[   17.813060] scsi target2:0:1: Ending Domain Validation
[   17.813790] scsi target2:0:1: asynchronous
[   17.821305] sd 2:0:0:0: [sda] 20971520 512-byte logical blocks: (10.7 GB/10.0 GiB)
[   17.851681] sd 2:0:0:0: Attached scsi generic sg0 type 0
[   17.852743] sd 2:0:0:0: [sda] Write Protect is off
[   17.852961] sd 2:0:1:0: [sdb] 20480 512-byte logical blocks: (10.5 MB/10.0 MiB)
[   17.853133] sd 2:0:1:0: [sdb] Write Protect is off
[   17.853249] sd 2:0:1:0: [sdb] Incomplete mode parameter data
[   17.853249] sd 2:0:1:0: [sdb] Assuming drive cache: write through
[   17.854575] sd 2:0:1:0: [sdb] Attached SCSI disk
[   17.860642] sd 2:0:1:0: Attached scsi generic sg1 type 0
[   17.903901] sd 2:0:0:0: [sda] Incomplete mode parameter data
[   18.008741] sd 2:0:0:0: [sda] Assuming drive cache: write through
[   18.143857]  sda: sda1
[   18.208032] sd 2:0:0:0: [sda] Attached SCSI disk
[   19.309392] floppy0: no floppy controllers found
Begin: Loading e[   20.663578] md: linear personality registered for level -1
ssential drivers[   20.752807] md: multipath personality registered for level -4
 ... [   20.811621] md: raid0 personality registered for level 0
[   20.851668] md: raid1 personality registered for level 1
[   20.960889] raid6: sse2x1   gen() 11010 MB/s
[   21.068939] raid6: sse2x1   xor()  7873 MB/s
[   21.144490] raid6: sse2x2   gen() 13360 MB/s
[   21.240569] raid6: sse2x2   xor()  9536 MB/s
[   21.360541] raid6: sse2x4   gen() 16590 MB/s
[   21.548671] raid6: sse2x4   xor() 11432 MB/s
[   21.560387] raid6: using algorithm sse2x4 gen() 16590 MB/s
[   21.561081] raid6: .... xor() 11432 MB/s, rmw enabled
[   21.561750] raid6: using ssse3x2 recovery algorithm
[   21.606577] xor: automatically using best checksumming function:
[   21.660710]    avx       : 26622.000 MB/sec
[   21.744110] async_tx: api initialized (async)
[   21.751666] md: raid6 personality registered for level 6
[   21.779547] md: raid5 personality registered for level 5
[   21.788885] md: raid4 personality registered for level 4
[   21.823023] md: raid10 personality registered for level 10
done.
Begin: Running /scripts/init-premount ... done.
Begin: Mounti[   21.892156] Btrfs loaded
ng root file system ... Begin: Running /scripts/local-top ... do[   21.963301] EXT4-fs (sda1): INFO: recovery required on readonly filesystem
ne.
Begin: Running /scripts/local-premount ... Scanning for Btr[   21.978159] EXT4-fs (sda1): write access will be enabled during recovery
fs filesystems
[   22.017980] EXT4-fs (sda1): recovery complete
done.
Warning: fsck not present, so skipping root file system
[   22.026682] EXT4-fs (sda1): mounted filesystem with ordered data mode. Opts: (null)
done.
Begin: Running /scripts/local-bottom ... done.
Begin: Running /scripts/init-bottom ... done.
[   22.089871] systemd[1]: systemd 229 running in system mode. (+PAM +AUDIT +SELINUX +IMA +APPARMOR +SMACK +SYSVINIT +UTMP +LIBCRYPTSETUP +GCRYPT +GNUTLS +ACL +XZ -LZ4 +SECCOMP +BLKID +ELFUTILS +KMOD -IDN)
[   22.194899] systemd[1]: Detected virtualization oracle.
[   22.195624] systemd[1]: Detected architecture x86-64.

Welcome to [1mUbuntu 16.04.1 LTS[0m!

[   22.270211] systemd[1]: Set hostname to <ubuntu-xenial>.
[   22.459978] systemd[1]: Started Forward Password Requests to Wall Directory Watch.
[[0;32m  OK  [0m] Started Forward Password Requests to Wall Directory Watch.
[   22.701597] systemd[1]: Set up automount Arbitrary Executable File Formats File System Automount Point.
[[0;32m  OK  [0m] Set up automount Arbitrary Executab...ats File System Automount Point.
[   22.928712] systemd[1]: Created slice System Slice.
[[0;32m  OK  [0m] Created slice System Slice.
[   22.930212] systemd[1]: Reached target Swap.
[[0;32m  OK  [0m] Reached target Swap.
[   22.931549] systemd[1]: Reached target User and Group Name Lookups.
[[0;32m  OK  [0m] Reached target User and Group Name Lookups.
[   23.064748] systemd[1]: Listening on udev Kernel Socket.
[[0;32m  OK  [0m] Listening on udev Kernel Socket.
[   23.067577] systemd[1]: Listening on LVM2 poll daemon socket.
[[0;32m  OK  [0m] Listening on LVM2 poll daemon socket.
[   23.069302] systemd[1]: Listening on LVM2 metadata daemon socket.
[[0;32m  OK  [0m] Listening on LVM2 metadata daemon socket.
[   23.072924] systemd[1]: Listening on Journal Socket.
[[0;32m  OK  [0m] Listening on Journal Socket.
[   23.084856] systemd[1]: Starting Set console keymap...
         Starting Set console keymap...
[   23.157407] systemd[1]: Mounting POSIX Message Queue File System...
         Mounting POSIX Message Queue File System...
[   23.169289] systemd[1]: Starting Nameserver information manager...
         Starting Nameserver information manager...
[   23.300213] systemd[1]: Mounting Debug File System...
         Mounting Debug File System...
[   23.390078] systemd[1]: Listening on Syslog Socket.
[[0;32m  OK  [0m] Listening on Syslog Socket.
[   23.397645] systemd[1]: Listening on Journal Audit Socket.
[[0;32m  OK  [0m] Listening on Journal Audit Socket.
[   23.499446] systemd[1]: Listening on Journal Socket (/dev/log).
[[0;32m  OK  [0m] Listening on Journal Socket (/dev/log).
[   23.540641] systemd[1]: Starting Journal Service...
         Starting Journal Service...
[   23.616754] systemd[1]: Listening on /dev/initctl Compatibility Named Pipe.
[[0;32m  OK  [0m] Listening on /dev/initctl Compatibility Named Pipe.
[   23.649913] systemd[1]: Starting Create list of required static device nodes for the current kernel...
         Starting Create list of required st... nodes for the current kernel...
[   23.800836] systemd[1]: Starting Uncomplicated firewall...
         Starting Uncomplicated firewall...
[   23.896480] systemd[1]: Starting Remount Root and Kernel File Systems...
         [   24.006637] EXT4-fs (sda1): re-mounted. Opts: (null)
Starting Remount Root and Kernel File Systems...
[   24.045532] systemd[1]: Created slice User and Session Slice.
[[0;32m  OK  [0m] Created slice User and Session Slice.
[   24.053190] systemd[1]: Reached target Slices.
[[0;32m  OK  [0m] Reached target Slices.
[   24.068566] systemd[1]: Starting Load Kernel Modules...
[   24.081312] random: nonblocking pool is initialized
         [   24.160004] Loading iSCSI transport class v2.0-870.
Starting Load Kernel Modules...
[   24.182524] systemd[1]: Created slice system-serial\x2dgetty.slice.
[[0;32m  OK  [0m] Created slice[   24.186319] iscsi: registered transport (tcp)
 system-serial\x2dgetty.slice.
[   24.229626] systemd[1]: Mounting Huge Pages File System...
         Mounting Huge Pages File System.[   24.291743] iscsi: registered transport (iser)
..
[   24.379940] systemd[1]: Listening on udev Control Socket.
[[0;32m  OK  [0m] Listening on udev Control Socket.
[   24.396810] systemd[1]: Reached target Encrypted Volumes.
[[0;32m  OK  [0m] Reached target Encrypted Volumes.
[   24.423442] systemd[1]: Listening on Device-mapper event daemon FIFOs.
[[0;32m  OK  [0m] Listening on Device-mapper event daemon FIFOs.
[   24.440859] systemd[1]: Starting Monitoring of LVM2 mirrors, snapshots etc. using dmeventd or progress polling...
         Starting Monitoring of LVM2 mirrors... dmeventd or progress polling...
[   24.668666] systemd[1]: Mounted Huge Pages File System.
[[0;32m  OK  [0m] Mounted Huge Pages File System.
[   24.745177] systemd[1]: Mounted Debug File System.
[[0;32m  OK  [0m] Mounted Debug File System.
[   24.832721] systemd[1]: Mounted POSIX Message Queue File System.
[[0;32m  OK  [0m] Mounted POSIX Message Queue File System.
[   24.834541] systemd[1]: Started Journal Service.
[[0;32m  OK  [0m] Started Journal Service.
[[0;32m  OK  [0m] Started Set console keymap.
[[0;32m  OK  [0m] Started Create list of required sta...ce nodes for the current kernel.
[[0;32m  OK  [0m] Started Uncomplicated firewall.
[[0;32m  OK  [0m] Started Remount Root and Kernel File Systems.
[[0;32m  OK  [0m] Started Load Kernel Modules.
[[0;32m  OK  [0m] Started Nameserver information manager.
[[0;32m  OK  [0m] Started LVM2 metadata daemon.
         Starting Apply Kernel Variables...
         Mounting FUSE Control File System...
         Starting Initial cloud-init job (pre-networking)...
         Starting udev Coldplug all Devices...
         Starting Load/Save Random Seed...
         Starting Create Static Device Nodes in /dev...
         Starting Flush Journal to Persistent Storage...
[[0;32m  OK  [0m] Mounted FUSE Control File System.
[[0;32m  OK  [0m] Started Apply Kernel Variables.
[[0;32m  OK  [0m] Started Load/Save Random Seed.
[[0;32m  OK  [0m] Started Create Static Device Nodes in /dev.
[[0;32m  OK  [0m] Started udev Coldplug all Devices.
[[0;32m  OK  [0m] Started Flush Journal to Persistent Storage.
         Starting udev Kernel Device Manager...
[[0;32m  OK  [0m] Started udev Kernel Device Manager.
[[0;32m  OK  [0m] Started Dispatch Password Requests to Console Directory Watch.
[[0;32m  OK  [0m] Found device /dev/ttyS0.
[[0;32m  OK  [0m] Started Monitoring of LVM2 mirrors,...ng dmeventd or progress polling.
[[0;32m  OK  [0m] Reached target Local File Systems (Pre).
[[0;32m  OK  [0m] Reached target Local File Systems.
         Starting LSB: AppArmor initialization...
         Starting Tell Plymouth To Write Out Runtime Data...
         Starting Set console font and keymap...
         Starting Create Volatile Files and Directories...
[[0;32m  OK  [0m] Started Tell Plymouth To Write Out Runtime Data.
[[0;32m  OK  [0m] Started Create Volatile Files and Directories.
[[0;32m  OK  [0m] Reached target System Time Synchronized.
         Starting Update UTMP about System Boot/Shutdown...
[[0;32m  OK  [0m] Started LSB: AppArmor initialization.
[   15.987588] cloud-init[475]: Cloud-init v. 0.7.8 running 'init-local' at Wed, 18 Jan 2017 13:31:37 +0000. Up 15.70 seconds.
[[0;32m  OK  [0m] Started Initial cloud-init job (pre-networking).
[[0;32m  OK  [0m] Started Set console font and keymap.
[[0;32m  OK  [0m] Started Update UTMP about System Boot/Shutdown.
[[0;32m  OK  [0m] Listening on Load/Save RF Kill Switch Status /dev/rfkill Watch.
[[0;32m  OK  [0m] Created slice system-getty.slice.
[[0;32m  OK  [0m] Reached target Network (Pre).
[[0;32m  OK  [0m] Started ifup for enp0s3.
         Starting Raise network interfaces...
[[0;32m  OK  [0m] Started Raise network interfaces.
         Starting Initial cloud-init job (metadata service crawler)...
[[0;32m  OK  [0m] Reached target Network.
[   19.084631] cloud-init[1080]: Cloud-init v. 0.7.8 running 'init' at Wed, 18 Jan 2017 13:31:40 +0000. Up 18.90 seconds.
[   19.146110] [[0;32m  OK  [0m] Started Initial cloud-init job (metadata service crawler).
[[0;32m  OK  [0m] Reached target Cloud-config availability.
[[0;32m  OK  [0m] Reached target Network is Online.
cloud-init[1080]: ci-info: +++++++++++++++++++++++++++++++++++++Net device info++++++++++++++++++++++++++++++++++++++
[   19.340261] cloud-init[1080]: ci-info: +--------+-------+---------------------------+---------------+-------+-------------------+
[   19.340474] cloud-init[1080]: ci-info: | Device |   Up  |          Address          |      Mask     | Scope |     Hw-Address    |
         Starting iSCSI initiator daemon (iscsid)...
[[   19.340562] cloud-init[1080]: ci-info: +--------+-------+---------------------------+---------------+-------+-------------------+
[   19.585630] cloud-init[1080]: ci-info: | enp0s3 |  True |         10.0.2.15         | 255.255.255.0 |   .   | 02:06:6d:81:c6:8d |
[0;32m  OK  [0m] Reached target System Initialization.
         Starting Socket activation for snappy daemon.
[   19.585732] cloud-init[1080]: ci-info: | enp0s3 |  True | fe80::6:6dff:fe81:c68d/64 |       .       |  link | 02:06:6d:81:c6:8d |
[   19.840708] cloud-init[1080]: ci-info: |   lo   |  True |         127.0.0.1         |   255.0.0.0   |   .   |         .         |
[   19.840946] cloud-init[1080]: ci-info: |   lo   |  True |          ::1/128          |       .       |  host |         .         |
         Starting LXD - unix socket.
[   19.841055] cloud-init[1080]: ci-info: | enp0s8 | False |             .             |       .       |   .   | 08:00:27:42:f8:e8 |
[   19.898631] cloud-init[1080]: ci-info: +--------+-------+---------------------------+---------------+-------+-------------------+
[[0;32m  OK  [0m] Started Trigger resolvconf update for networkd DNS.
[   19.898715] cloud-init[1080]: ci-info: +++++++++++++++++++++++++++Route IPv4 info++++++++++++++++++++++++++++
[   20.015255] cloud-init[1080]: ci-info: +-------+-------------+----------+---------------+-----------+-------+
[[0;32m  OK  [0m] Listening on D-Bus System Message Bus Socket.
[   20.015333] cloud-init[1080]: ci-info: | Route | Destination | Gateway  |    Genmask    | Interface | Flags |
[   20.086056] cloud-init[1080]: ci-info: +-------+-------------+----------+---------------+-----------+-------+
[[0;32m  OK  [0m] Listening on UUID daemon activation socket.
[   20.086132] cloud-init[1080]: ci-info: |   0   |   0.0.0.0   | 10.0.2.2 |    0.0.0.0    |   enp0s3  |   UG  |
[   20.270794] cloud-init[1080]: ci-info: |   1   |   10.0.2.0  | 0.0.0.0  | 255.255.255.0 |   enp0s3  |   U   |
[   20.271010] cloud-init[1080]: ci-info: +-------+-------------+----------+---------------+-----------+-------+
[[0;32m  OK  [0m] Started ACPI Events Check.
[[0;32m  OK  [0m] Reached target Paths.
[[0;32m  OK  [0m] Started Daily apt activities.
[[0;32m  OK  [0m] Listening on ACPID Listen Socket.
[[0;32m  OK  [0m] Started Timer to automatically refresh installed snaps.
[[0;32m  OK  [0m] Started Daily Cleanup of Temporary Directories.
[[0;32m  OK  [0m] Reached target Timers.
[[0;32m  OK  [0m] Listening on Socket activation for snappy daemon.
[[0;32m  OK  [0m] Listening on LXD - unix socket.
[[0;32m  OK  [0m] Started iSCSI initiator daemon (iscsid).
         Starting Login to default iSCSI targets...
[[0;32m  OK  [0m] Reached target Sockets.
[[0;32m  OK  [0m] Reached target Basic System.
[[0;32m  OK  [0m] Started Deferred execution scheduler.
         Starting LSB: Record successful boot for GRUB...
[[0;32m  OK  [0m] Started ACPI event daemon.
[[0;32m  OK  [0m] Started FUSE filesystem for LXC.
         Starting Apply the settings specified in cloud-config...
         Starting Login Service...
         Starting System Logging Service...
[[0;32m  OK  [0m] Started Regular background program processing daemon.
         Starting OpenBSD Secure Shell server...
         Starting Accounts Service...
         Starting LSB: MD monitoring daemon...
         Starting LXD - container startup/shutdown...
         Starting /etc/rc.local Compatibility...
[[0;32m  OK  [0m] Started D-Bus System Message Bus.
[[0;32m  OK  [0m] Started Snappy daemon.
         Starting Auto import assertions from block devices...
[[0;32m  OK  [0m] Started System Logging Service.
[[0;32m  OK  [0m] Started OpenBSD Secure Shell server.
[[0;32m  OK  [0m] Started LXD - container startup/shutdown.
[[0;32m  OK  [0m] Started /etc/rc.local Compatibility.
[[0;32m  OK  [0m] Started Auto import assertions from block devices.
[   21.358513] cloud-init[1149]: Cloud-init v. 0.7.8 running 'modules:config' at Wed, 18 Jan 2017 13:31:42 +0000. Up 21.27 seconds.
[[0;32m  OK  [0m] Started Login to default iSCSI targets.
[[0;32m  OK  [0m] Started LSB: Record successful boot for GRUB.
[[0;32m  OK  [0m] Started Apply the settings specified in cloud-config.
[[0;32m  OK  [0m] Started LSB: MD monitoring daemon.
[[0;32m  OK  [0m] Started Login Service.
         Starting Authenticate and Authorize Users to Run Privileged Tasks...
[[0;32m  OK  [0m] Reached target Remote File Systems (Pre).
[[0;32m  OK  [0m] Reached target Remote File Systems.
         Starting LSB: VirtualBox Linux Additions...
         Starting LSB: daemon to balance interrupts for SMP systems...
         Starting LSB: Set the CPU Frequency Scaling governor to "ondemand"...
         Starting Permit User Sessions...
         Starting LSB: automatic crash report generation...
[[0;32m  OK  [0m] Started Permit User Sessions.
[[0;32m  OK  [0m] Started Authenticate and Authorize Users to Run Privileged Tasks.
[[0;32m  OK  [0m] Started Accounts Service.
         Starting Terminate Plymouth Boot Screen...
         Starting Hold until boot process finishes up...
[[0;32m  OK  [0m] Started LSB: VirtualBox Linux Additions.
[[0;32m  OK  [0m] Started LSB: daemon to balance interrupts for SMP systems.
[[0;32m  OK  [0m] Started LSB: Set the CPU Frequency Scaling governor to "ondemand".
[[0;32m  OK  [0m] Started LSB: automatic crash report generation.
[[0;32m  OK  [0m] Started Terminate Plymouth Boot Screen.
[[0;32m  OK  [0m] Started Hold until boot process finishes up.
[[0;32m  OK  [0m] Started Getty on tty1.
         Starting Set console scheme...
[[0;32m  OK  [0m] Started Serial Getty on ttyS0.
[[0;32m  OK  [0m] Reached target Login Prompts.
[[0;32m  OK  [0m] Reached target Multi-User System.
         Starting Execute cloud user/final scripts...
[[0;32m  OK  [0m] Reached target Graphical Interface.
         Starting Update UTMP about System Runlevel Changes...
[[0;32m  OK  [0m] Started Set console scheme.
[[0;32m  OK  [0m] Started Update UTMP about System Runlevel Changes.
[   22.624806] cloud-init[1304]: Cloud-init v. 0.7.8 running 'modules:final' at Wed, 18 Jan 2017 13:31:44 +0000. Up 22.55 seconds.
[   22.631991] cloud-init[1304]: Cloud-init v. 0.7.8 finished at Wed, 18 Jan 2017 13:31:44 +0000. Datasource DataSourceNoCloud [seed=/dev/sdb][dsmode=net].  Up 22.61 seconds
[[0;32m  OK  [0m] Started Execute cloud user/final scripts.
[[0;32m  OK  [0m] Reached target Cloud-init target.

Ubuntu 16.04.1 LTS ubuntu-xenial ttyS0

ubuntu-xenial login: 